[debug] [2024-07-30T08:45:53.491Z] ----------------------------------------------------------------------
[debug] [2024-07-30T08:45:53.495Z] Command:       C:\Program Files\nodejs\node.exe C:\Users\Abdulrahman Fathy\AppData\Roaming\npm\node_modules\firebase-tools\lib\bin\firebase.js emulators:start --only functions
[debug] [2024-07-30T08:45:53.496Z] CLI Version:   13.14.2
[debug] [2024-07-30T08:45:53.496Z] Platform:      win32
[debug] [2024-07-30T08:45:53.496Z] Node Version:  v20.10.0
[debug] [2024-07-30T08:45:53.496Z] Time:          Tue Jul 30 2024 11:45:53 GMT+0300 (Eastern European Summer Time)
[debug] [2024-07-30T08:45:53.496Z] ----------------------------------------------------------------------
[debug] 
[debug] [2024-07-30T08:45:53.661Z] > command requires scopes: ["email","openid","https://www.googleapis.com/auth/cloudplatformprojects.readonly","https://www.googleapis.com/auth/firebase","https://www.googleapis.com/auth/cloud-platform"]
[debug] [2024-07-30T08:45:53.662Z] > authorizing via signed-in user (abdelrhman.fa2hy@gmail.com)
[info] i  emulators: Starting emulators: functions {"metadata":{"emulator":{"name":"hub"},"message":"Starting emulators: functions"}}
[debug] [2024-07-30T08:45:53.674Z] [logging] Logging Emulator only supports listening on one address (127.0.0.1). Not listening on ::1
[debug] [2024-07-30T08:45:53.675Z] assigned listening specs for emulators {"user":{"hub":[{"address":"127.0.0.1","family":"IPv4","port":4400},{"address":"::1","family":"IPv6","port":4400}],"ui":[{"address":"127.0.0.1","family":"IPv4","port":4000},{"address":"::1","family":"IPv6","port":4000}],"logging":[{"address":"127.0.0.1","family":"IPv4","port":4500}]},"metadata":{"message":"assigned listening specs for emulators"}}
[debug] [2024-07-30T08:45:53.682Z] [hub] writing locator at C:\Users\ABDULR~1\AppData\Local\Temp\hub-clone-f5a18.json
[debug] [2024-07-30T08:45:53.707Z] [functions] Functions Emulator only supports listening on one address (127.0.0.1). Not listening on ::1
[debug] [2024-07-30T08:45:53.707Z] [eventarc] Eventarc Emulator only supports listening on one address (127.0.0.1). Not listening on ::1
[debug] [2024-07-30T08:45:53.707Z] late-assigned ports for functions and eventarc emulators {"user":{"hub":[{"address":"127.0.0.1","family":"IPv4","port":4400},{"address":"::1","family":"IPv6","port":4400}],"ui":[{"address":"127.0.0.1","family":"IPv4","port":4000},{"address":"::1","family":"IPv6","port":4000}],"logging":[{"address":"127.0.0.1","family":"IPv4","port":4500}],"functions":[{"address":"127.0.0.1","family":"IPv4","port":5001}],"eventarc":[{"address":"127.0.0.1","family":"IPv4","port":9299}]},"metadata":{"message":"late-assigned ports for functions and eventarc emulators"}}
[warn] !  functions: The following emulators are not running, calls to these services from the Functions emulator will affect production: auth, firestore, database, hosting, pubsub, storage, dataconnect {"metadata":{"emulator":{"name":"functions"},"message":"The following emulators are not running, calls to these services from the Functions emulator will affect production: \u001b[1mauth, firestore, database, hosting, pubsub, storage, dataconnect\u001b[22m"}}
[debug] [2024-07-30T08:45:53.712Z] defaultcredentials: writing to file C:\Users\Abdulrahman Fathy\AppData\Roaming\firebase\abdelrhman_fa2hy_gmail.com_application_default_credentials.json
[debug] [2024-07-30T08:45:53.718Z] Setting GAC to C:\Users\Abdulrahman Fathy\AppData\Roaming\firebase\abdelrhman_fa2hy_gmail.com_application_default_credentials.json {"metadata":{"emulator":{"name":"functions"},"message":"Setting GAC to C:\\Users\\Abdulrahman Fathy\\AppData\\Roaming\\firebase\\abdelrhman_fa2hy_gmail.com_application_default_credentials.json"}}
[debug] [2024-07-30T08:45:53.720Z] > refreshing access token with scopes: []
[debug] [2024-07-30T08:45:53.722Z] >>> [apiv2][query] POST https://www.googleapis.com/oauth2/v3/token [none]
[debug] [2024-07-30T08:45:53.722Z] >>> [apiv2][body] POST https://www.googleapis.com/oauth2/v3/token [omitted]
[debug] [2024-07-30T08:45:54.095Z] <<< [apiv2][status] POST https://www.googleapis.com/oauth2/v3/token 200
[debug] [2024-07-30T08:45:54.095Z] <<< [apiv2][body] POST https://www.googleapis.com/oauth2/v3/token [omitted]
[debug] [2024-07-30T08:45:54.129Z] >>> [apiv2][query] GET https://firebase.googleapis.com/v1beta1/projects/clone-f5a18/adminSdkConfig [none]
[debug] [2024-07-30T08:45:54.973Z] <<< [apiv2][status] GET https://firebase.googleapis.com/v1beta1/projects/clone-f5a18/adminSdkConfig 200
[debug] [2024-07-30T08:45:54.973Z] <<< [apiv2][body] GET https://firebase.googleapis.com/v1beta1/projects/clone-f5a18/adminSdkConfig {"projectId":"clone-f5a18","storageBucket":"clone-f5a18.appspot.com"}
[info] i  ui: downloading ui-v1.13.0.zip... {"metadata":{"emulator":{"name":"ui"},"message":"downloading ui-v1.13.0.zip..."}}
[debug] [2024-07-30T08:45:55.017Z] >>> [apiv2][query] GET https://storage.googleapis.com/firebase-preview-drop/emulator/ui-v1.13.0.zip 
[debug] [2024-07-30T08:45:55.467Z] <<< [apiv2][status] GET https://storage.googleapis.com/firebase-preview-drop/emulator/ui-v1.13.0.zip 200
[debug] [2024-07-30T08:45:55.467Z] <<< [apiv2][body] GET https://storage.googleapis.com/firebase-preview-drop/emulator/ui-v1.13.0.zip [stream]
[debug] [2024-07-30T08:45:57.425Z] Data is 3605485
[debug] [2024-07-30T08:45:57.426Z] [unzip] Entry: client/ (compressed_size=0 bytes, uncompressed_size=0 bytes)
[debug] [2024-07-30T08:45:57.426Z] [unzip] Processing entry: client\
[debug] [2024-07-30T08:45:57.426Z] [unzip] mkdir: C:\Users\Abdulrahman Fathy\.cache\firebase\emulators\ui-v1.13.0\client\
[debug] [2024-07-30T08:45:57.428Z] [unzip] Entry: client/favicon-16x16.png (compressed_size=293 bytes, uncompressed_size=293 bytes)
[debug] [2024-07-30T08:45:57.429Z] [unzip] Processing entry: client\favicon-16x16.png
[debug] [2024-07-30T08:45:57.429Z] [unzip] else mkdir: C:\Users\Abdulrahman Fathy\.cache\firebase\emulators\ui-v1.13.0\client
[debug] [2024-07-30T08:45:57.430Z] [unzip] Writing file: C:\Users\Abdulrahman Fathy\.cache\firebase\emulators\ui-v1.13.0\client\favicon-16x16.png
[debug] [2024-07-30T08:45:57.433Z] [unzip] Entry: client/safari-pinned-tab.svg (compressed_size=1433 bytes, uncompressed_size=2611 bytes)
[debug] [2024-07-30T08:45:57.433Z] [unzip] Processing entry: client\safari-pinned-tab.svg
[debug] [2024-07-30T08:45:57.433Z] [unzip] else mkdir: C:\Users\Abdulrahman Fathy\.cache\firebase\emulators\ui-v1.13.0\client
[debug] [2024-07-30T08:45:57.434Z] [unzip] deflating: C:\Users\Abdulrahman Fathy\.cache\firebase\emulators\ui-v1.13.0\client\safari-pinned-tab.svg
[debug] [2024-07-30T08:45:57.440Z] [unzip] Entry: client/favicon.ico (compressed_size=2933 bytes, uncompressed_size=13294 bytes)
[debug] [2024-07-30T08:45:57.440Z] [unzip] Processing entry: client\favicon.ico
[debug] [2024-07-30T08:45:57.440Z] [unzip] else mkdir: C:\Users\Abdulrahman Fathy\.cache\firebase\emulators\ui-v1.13.0\client
[debug] [2024-07-30T08:45:57.441Z] [unzip] deflating: C:\Users\Abdulrahman Fathy\.cache\firebase\emulators\ui-v1.13.0\client\favicon.ico
[debug] [2024-07-30T08:45:57.444Z] [unzip] Entry: client/index.html (compressed_size=1361 bytes, uncompressed_size=3071 bytes)
[debug] [2024-07-30T08:45:57.444Z] [unzip] Processing entry: client\index.html
[debug] [2024-07-30T08:45:57.444Z] [unzip] else mkdir: C:\Users\Abdulrahman Fathy\.cache\firebase\emulators\ui-v1.13.0\client
[debug] [2024-07-30T08:45:57.445Z] [unzip] deflating: C:\Users\Abdulrahman Fathy\.cache\firebase\emulators\ui-v1.13.0\client\index.html
[debug] [2024-07-30T08:45:57.449Z] [unzip] Entry: client/android-chrome-192x192.png (compressed_size=2684 bytes, uncompressed_size=2684 bytes)
[debug] [2024-07-30T08:45:57.449Z] [unzip] Processing entry: client\android-chrome-192x192.png
[debug] [2024-07-30T08:45:57.449Z] [unzip] else mkdir: C:\Users\Abdulrahman Fathy\.cache\firebase\emulators\ui-v1.13.0\client
[debug] [2024-07-30T08:45:57.450Z] [unzip] Writing file: C:\Users\Abdulrahman Fathy\.cache\firebase\emulators\ui-v1.13.0\client\android-chrome-192x192.png
[debug] [2024-07-30T08:45:57.452Z] [unzip] Entry: client/apple-touch-icon.png (compressed_size=2123 bytes, uncompressed_size=2152 bytes)
[debug] [2024-07-30T08:45:57.452Z] [unzip] Processing entry: client\apple-touch-icon.png
[debug] [2024-07-30T08:45:57.452Z] [unzip] else mkdir: C:\Users\Abdulrahman Fathy\.cache\firebase\emulators\ui-v1.13.0\client
[debug] [2024-07-30T08:45:57.453Z] [unzip] deflating: C:\Users\Abdulrahman Fathy\.cache\firebase\emulators\ui-v1.13.0\client\apple-touch-icon.png
[debug] [2024-07-30T08:45:57.455Z] [unzip] Entry: client/android-chrome-512x512.png (compressed_size=5369 bytes, uncompressed_size=5411 bytes)
[debug] [2024-07-30T08:45:57.456Z] [unzip] Processing entry: client\android-chrome-512x512.png
[debug] [2024-07-30T08:45:57.456Z] [unzip] else mkdir: C:\Users\Abdulrahman Fathy\.cache\firebase\emulators\ui-v1.13.0\client
[debug] [2024-07-30T08:45:57.457Z] [unzip] deflating: C:\Users\Abdulrahman Fathy\.cache\firebase\emulators\ui-v1.13.0\client\android-chrome-512x512.png
[debug] [2024-07-30T08:45:57.459Z] [unzip] Entry: client/manifest.json (compressed_size=245 bytes, uncompressed_size=551 bytes)
[debug] [2024-07-30T08:45:57.459Z] [unzip] Processing entry: client\manifest.json
[debug] [2024-07-30T08:45:57.460Z] [unzip] else mkdir: C:\Users\Abdulrahman Fathy\.cache\firebase\emulators\ui-v1.13.0\client
[debug] [2024-07-30T08:45:57.461Z] [unzip] deflating: C:\Users\Abdulrahman Fathy\.cache\firebase\emulators\ui-v1.13.0\client\manifest.json
[debug] [2024-07-30T08:45:57.463Z] [unzip] Entry: client/robots.txt (compressed_size=26 bytes, uncompressed_size=26 bytes)
[debug] [2024-07-30T08:45:57.463Z] [unzip] Processing entry: client\robots.txt
[debug] [2024-07-30T08:45:57.463Z] [unzip] else mkdir: C:\Users\Abdulrahman Fathy\.cache\firebase\emulators\ui-v1.13.0\client
[debug] [2024-07-30T08:45:57.464Z] [unzip] Writing file: C:\Users\Abdulrahman Fathy\.cache\firebase\emulators\ui-v1.13.0\client\robots.txt
[debug] [2024-07-30T08:45:57.466Z] [unzip] Entry: client/mstile-150x150.png (compressed_size=2034 bytes, uncompressed_size=2034 bytes)
[debug] [2024-07-30T08:45:57.466Z] [unzip] Processing entry: client\mstile-150x150.png
[debug] [2024-07-30T08:45:57.466Z] [unzip] else mkdir: C:\Users\Abdulrahman Fathy\.cache\firebase\emulators\ui-v1.13.0\client
[debug] [2024-07-30T08:45:57.467Z] [unzip] Writing file: C:\Users\Abdulrahman Fathy\.cache\firebase\emulators\ui-v1.13.0\client\mstile-150x150.png
[debug] [2024-07-30T08:45:57.469Z] [unzip] Entry: client/assets/ (compressed_size=0 bytes, uncompressed_size=0 bytes)
[debug] [2024-07-30T08:45:57.469Z] [unzip] Processing entry: client\assets\
[debug] [2024-07-30T08:45:57.469Z] [unzip] mkdir: C:\Users\Abdulrahman Fathy\.cache\firebase\emulators\ui-v1.13.0\client\assets\
[debug] [2024-07-30T08:45:57.470Z] [unzip] Entry: client/assets/index-I-mhtQda.js.map (compressed_size=2322562 bytes, uncompressed_size=9922747 bytes)
[debug] [2024-07-30T08:45:57.471Z] [unzip] Processing entry: client\assets\index-I-mhtQda.js.map
[debug] [2024-07-30T08:45:57.471Z] [unzip] else mkdir: C:\Users\Abdulrahman Fathy\.cache\firebase\emulators\ui-v1.13.0\client\assets
[debug] [2024-07-30T08:45:57.472Z] [unzip] deflating: C:\Users\Abdulrahman Fathy\.cache\firebase\emulators\ui-v1.13.0\client\assets\index-I-mhtQda.js.map
[debug] [2024-07-30T08:45:57.521Z] [unzip] Entry: client/assets/index-BdgySamB.css (compressed_size=35979 bytes, uncompressed_size=298654 bytes)
[debug] [2024-07-30T08:45:57.521Z] [unzip] Processing entry: client\assets\index-BdgySamB.css
[debug] [2024-07-30T08:45:57.521Z] [unzip] else mkdir: C:\Users\Abdulrahman Fathy\.cache\firebase\emulators\ui-v1.13.0\client\assets
[debug] [2024-07-30T08:45:57.522Z] [unzip] deflating: C:\Users\Abdulrahman Fathy\.cache\firebase\emulators\ui-v1.13.0\client\assets\index-BdgySamB.css
[debug] [2024-07-30T08:45:57.525Z] [unzip] Entry: client/assets/index-I-mhtQda.js (compressed_size=565968 bytes, uncompressed_size=2030855 bytes)
[debug] [2024-07-30T08:45:57.526Z] [unzip] Processing entry: client\assets\index-I-mhtQda.js
[debug] [2024-07-30T08:45:57.526Z] [unzip] else mkdir: C:\Users\Abdulrahman Fathy\.cache\firebase\emulators\ui-v1.13.0\client\assets
[debug] [2024-07-30T08:45:57.527Z] [unzip] deflating: C:\Users\Abdulrahman Fathy\.cache\firebase\emulators\ui-v1.13.0\client\assets\index-I-mhtQda.js
[debug] [2024-07-30T08:45:57.539Z] [unzip] Entry: client/assets/extensions/ (compressed_size=0 bytes, uncompressed_size=0 bytes)
[debug] [2024-07-30T08:45:57.539Z] [unzip] Processing entry: client\assets\extensions\
[debug] [2024-07-30T08:45:57.539Z] [unzip] mkdir: C:\Users\Abdulrahman Fathy\.cache\firebase\emulators\ui-v1.13.0\client\assets\extensions\
[debug] [2024-07-30T08:45:57.540Z] [unzip] Entry: client/assets/extensions/default-extension.png (compressed_size=1646 bytes, uncompressed_size=1657 bytes)
[debug] [2024-07-30T08:45:57.540Z] [unzip] Processing entry: client\assets\extensions\default-extension.png
[debug] [2024-07-30T08:45:57.540Z] [unzip] else mkdir: C:\Users\Abdulrahman Fathy\.cache\firebase\emulators\ui-v1.13.0\client\assets\extensions
[debug] [2024-07-30T08:45:57.541Z] [unzip] deflating: C:\Users\Abdulrahman Fathy\.cache\firebase\emulators\ui-v1.13.0\client\assets\extensions\default-extension.png
[debug] [2024-07-30T08:45:57.544Z] [unzip] Entry: client/assets/img/ (compressed_size=0 bytes, uncompressed_size=0 bytes)
[debug] [2024-07-30T08:45:57.544Z] [unzip] Processing entry: client\assets\img\
[debug] [2024-07-30T08:45:57.544Z] [unzip] mkdir: C:\Users\Abdulrahman Fathy\.cache\firebase\emulators\ui-v1.13.0\client\assets\img\
[debug] [2024-07-30T08:45:57.545Z] [unzip] Entry: client/assets/img/database.png (compressed_size=29449 bytes, uncompressed_size=29988 bytes)
[debug] [2024-07-30T08:45:57.545Z] [unzip] Processing entry: client\assets\img\database.png
[debug] [2024-07-30T08:45:57.545Z] [unzip] else mkdir: C:\Users\Abdulrahman Fathy\.cache\firebase\emulators\ui-v1.13.0\client\assets\img
[debug] [2024-07-30T08:45:57.546Z] [unzip] deflating: C:\Users\Abdulrahman Fathy\.cache\firebase\emulators\ui-v1.13.0\client\assets\img\database.png
[debug] [2024-07-30T08:45:57.549Z] [unzip] Entry: client/assets/provider-icons/ (compressed_size=0 bytes, uncompressed_size=0 bytes)
[debug] [2024-07-30T08:45:57.549Z] [unzip] Processing entry: client\assets\provider-icons\
[debug] [2024-07-30T08:45:57.549Z] [unzip] mkdir: C:\Users\Abdulrahman Fathy\.cache\firebase\emulators\ui-v1.13.0\client\assets\provider-icons\
[debug] [2024-07-30T08:45:57.550Z] [unzip] Entry: client/assets/provider-icons/auth_service_saml.svg (compressed_size=575 bytes, uncompressed_size=1226 bytes)
[debug] [2024-07-30T08:45:57.550Z] [unzip] Processing entry: client\assets\provider-icons\auth_service_saml.svg
[debug] [2024-07-30T08:45:57.550Z] [unzip] else mkdir: C:\Users\Abdulrahman Fathy\.cache\firebase\emulators\ui-v1.13.0\client\assets\provider-icons
[debug] [2024-07-30T08:45:57.551Z] [unzip] deflating: C:\Users\Abdulrahman Fathy\.cache\firebase\emulators\ui-v1.13.0\client\assets\provider-icons\auth_service_saml.svg
[debug] [2024-07-30T08:45:57.554Z] [unzip] Entry: client/assets/provider-icons/auth_service_phone.svg (compressed_size=261 bytes, uncompressed_size=414 bytes)
[debug] [2024-07-30T08:45:57.554Z] [unzip] Processing entry: client\assets\provider-icons\auth_service_phone.svg
[debug] [2024-07-30T08:45:57.554Z] [unzip] else mkdir: C:\Users\Abdulrahman Fathy\.cache\firebase\emulators\ui-v1.13.0\client\assets\provider-icons
[debug] [2024-07-30T08:45:57.555Z] [unzip] deflating: C:\Users\Abdulrahman Fathy\.cache\firebase\emulators\ui-v1.13.0\client\assets\provider-icons\auth_service_phone.svg
[debug] [2024-07-30T08:45:57.557Z] [unzip] Entry: client/assets/provider-icons/auth_service_facebook.svg (compressed_size=289 bytes, uncompressed_size=457 bytes)
[debug] [2024-07-30T08:45:57.557Z] [unzip] Processing entry: client\assets\provider-icons\auth_service_facebook.svg
[debug] [2024-07-30T08:45:57.557Z] [unzip] else mkdir: C:\Users\Abdulrahman Fathy\.cache\firebase\emulators\ui-v1.13.0\client\assets\provider-icons
[debug] [2024-07-30T08:45:57.558Z] [unzip] deflating: C:\Users\Abdulrahman Fathy\.cache\firebase\emulators\ui-v1.13.0\client\assets\provider-icons\auth_service_facebook.svg
[debug] [2024-07-30T08:45:57.561Z] [unzip] Entry: client/assets/provider-icons/auth_service_game_center.svg (compressed_size=991 bytes, uncompressed_size=3921 bytes)
[debug] [2024-07-30T08:45:57.561Z] [unzip] Processing entry: client\assets\provider-icons\auth_service_game_center.svg
[debug] [2024-07-30T08:45:57.561Z] [unzip] else mkdir: C:\Users\Abdulrahman Fathy\.cache\firebase\emulators\ui-v1.13.0\client\assets\provider-icons
[debug] [2024-07-30T08:45:57.562Z] [unzip] deflating: C:\Users\Abdulrahman Fathy\.cache\firebase\emulators\ui-v1.13.0\client\assets\provider-icons\auth_service_game_center.svg
[debug] [2024-07-30T08:45:57.564Z] [unzip] Entry: client/assets/provider-icons/auth_service_apple.svg (compressed_size=230 bytes, uncompressed_size=334 bytes)
[debug] [2024-07-30T08:45:57.564Z] [unzip] Processing entry: client\assets\provider-icons\auth_service_apple.svg
[debug] [2024-07-30T08:45:57.564Z] [unzip] else mkdir: C:\Users\Abdulrahman Fathy\.cache\firebase\emulators\ui-v1.13.0\client\assets\provider-icons
[debug] [2024-07-30T08:45:57.565Z] [unzip] deflating: C:\Users\Abdulrahman Fathy\.cache\firebase\emulators\ui-v1.13.0\client\assets\provider-icons\auth_service_apple.svg
[debug] [2024-07-30T08:45:57.566Z] [unzip] Entry: client/assets/provider-icons/auth_service_github.svg (compressed_size=466 bytes, uncompressed_size=838 bytes)
[debug] [2024-07-30T08:45:57.567Z] [unzip] Processing entry: client\assets\provider-icons\auth_service_github.svg
[debug] [2024-07-30T08:45:57.567Z] [unzip] else mkdir: C:\Users\Abdulrahman Fathy\.cache\firebase\emulators\ui-v1.13.0\client\assets\provider-icons
[debug] [2024-07-30T08:45:57.567Z] [unzip] deflating: C:\Users\Abdulrahman Fathy\.cache\firebase\emulators\ui-v1.13.0\client\assets\provider-icons\auth_service_github.svg
[debug] [2024-07-30T08:45:57.569Z] [unzip] Entry: client/assets/provider-icons/auth_service_mslive.svg (compressed_size=203 bytes, uncompressed_size=378 bytes)
[debug] [2024-07-30T08:45:57.569Z] [unzip] Processing entry: client\assets\provider-icons\auth_service_mslive.svg
[debug] [2024-07-30T08:45:57.569Z] [unzip] else mkdir: C:\Users\Abdulrahman Fathy\.cache\firebase\emulators\ui-v1.13.0\client\assets\provider-icons
[debug] [2024-07-30T08:45:57.570Z] [unzip] deflating: C:\Users\Abdulrahman Fathy\.cache\firebase\emulators\ui-v1.13.0\client\assets\provider-icons\auth_service_mslive.svg
[debug] [2024-07-30T08:45:57.572Z] [unzip] Entry: client/assets/provider-icons/auth_service_yahoo.svg (compressed_size=577 bytes, uncompressed_size=1182 bytes)
[debug] [2024-07-30T08:45:57.572Z] [unzip] Processing entry: client\assets\provider-icons\auth_service_yahoo.svg
[debug] [2024-07-30T08:45:57.572Z] [unzip] else mkdir: C:\Users\Abdulrahman Fathy\.cache\firebase\emulators\ui-v1.13.0\client\assets\provider-icons
[debug] [2024-07-30T08:45:57.573Z] [unzip] deflating: C:\Users\Abdulrahman Fathy\.cache\firebase\emulators\ui-v1.13.0\client\assets\provider-icons\auth_service_yahoo.svg
[debug] [2024-07-30T08:45:57.574Z] [unzip] Entry: client/assets/provider-icons/auth_service_twitter.svg (compressed_size=444 bytes, uncompressed_size=751 bytes)
[debug] [2024-07-30T08:45:57.575Z] [unzip] Processing entry: client\assets\provider-icons\auth_service_twitter.svg
[debug] [2024-07-30T08:45:57.575Z] [unzip] else mkdir: C:\Users\Abdulrahman Fathy\.cache\firebase\emulators\ui-v1.13.0\client\assets\provider-icons
[debug] [2024-07-30T08:45:57.576Z] [unzip] deflating: C:\Users\Abdulrahman Fathy\.cache\firebase\emulators\ui-v1.13.0\client\assets\provider-icons\auth_service_twitter.svg
[debug] [2024-07-30T08:45:57.578Z] [unzip] Entry: client/assets/provider-icons/auth_service_play_games.svg (compressed_size=565 bytes, uncompressed_size=1173 bytes)
[debug] [2024-07-30T08:45:57.578Z] [unzip] Processing entry: client\assets\provider-icons\auth_service_play_games.svg
[debug] [2024-07-30T08:45:57.578Z] [unzip] else mkdir: C:\Users\Abdulrahman Fathy\.cache\firebase\emulators\ui-v1.13.0\client\assets\provider-icons
[debug] [2024-07-30T08:45:57.579Z] [unzip] deflating: C:\Users\Abdulrahman Fathy\.cache\firebase\emulators\ui-v1.13.0\client\assets\provider-icons\auth_service_play_games.svg
[debug] [2024-07-30T08:45:57.581Z] [unzip] Entry: client/assets/provider-icons/auth_service_email.svg (compressed_size=228 bytes, uncompressed_size=326 bytes)
[debug] [2024-07-30T08:45:57.581Z] [unzip] Processing entry: client\assets\provider-icons\auth_service_email.svg
[debug] [2024-07-30T08:45:57.581Z] [unzip] else mkdir: C:\Users\Abdulrahman Fathy\.cache\firebase\emulators\ui-v1.13.0\client\assets\provider-icons
[debug] [2024-07-30T08:45:57.582Z] [unzip] deflating: C:\Users\Abdulrahman Fathy\.cache\firebase\emulators\ui-v1.13.0\client\assets\provider-icons\auth_service_email.svg
[debug] [2024-07-30T08:45:57.583Z] [unzip] Entry: client/assets/provider-icons/auth_service_google.svg (compressed_size=409 bytes, uncompressed_size=720 bytes)
[debug] [2024-07-30T08:45:57.583Z] [unzip] Processing entry: client\assets\provider-icons\auth_service_google.svg
[debug] [2024-07-30T08:45:57.583Z] [unzip] else mkdir: C:\Users\Abdulrahman Fathy\.cache\firebase\emulators\ui-v1.13.0\client\assets\provider-icons
[debug] [2024-07-30T08:45:57.584Z] [unzip] deflating: C:\Users\Abdulrahman Fathy\.cache\firebase\emulators\ui-v1.13.0\client\assets\provider-icons\auth_service_google.svg
[debug] [2024-07-30T08:45:57.586Z] [unzip] Entry: client/assets/provider-icons/auth_service_oidc.svg (compressed_size=414 bytes, uncompressed_size=858 bytes)
[debug] [2024-07-30T08:45:57.586Z] [unzip] Processing entry: client\assets\provider-icons\auth_service_oidc.svg
[debug] [2024-07-30T08:45:57.586Z] [unzip] else mkdir: C:\Users\Abdulrahman Fathy\.cache\firebase\emulators\ui-v1.13.0\client\assets\provider-icons
[debug] [2024-07-30T08:45:57.587Z] [unzip] deflating: C:\Users\Abdulrahman Fathy\.cache\firebase\emulators\ui-v1.13.0\client\assets\provider-icons\auth_service_oidc.svg
[debug] [2024-07-30T08:45:57.589Z] [unzip] Entry: client/browserconfig.xml (compressed_size=491 bytes, uncompressed_size=822 bytes)
[debug] [2024-07-30T08:45:57.589Z] [unzip] Processing entry: client\browserconfig.xml
[debug] [2024-07-30T08:45:57.589Z] [unzip] else mkdir: C:\Users\Abdulrahman Fathy\.cache\firebase\emulators\ui-v1.13.0\client
[debug] [2024-07-30T08:45:57.590Z] [unzip] deflating: C:\Users\Abdulrahman Fathy\.cache\firebase\emulators\ui-v1.13.0\client\browserconfig.xml
[debug] [2024-07-30T08:45:57.592Z] [unzip] Entry: client/favicon-32x32.png (compressed_size=475 bytes, uncompressed_size=475 bytes)
[debug] [2024-07-30T08:45:57.592Z] [unzip] Processing entry: client\favicon-32x32.png
[debug] [2024-07-30T08:45:57.592Z] [unzip] else mkdir: C:\Users\Abdulrahman Fathy\.cache\firebase\emulators\ui-v1.13.0\client
[debug] [2024-07-30T08:45:57.593Z] [unzip] Writing file: C:\Users\Abdulrahman Fathy\.cache\firebase\emulators\ui-v1.13.0\client\favicon-32x32.png
[debug] [2024-07-30T08:45:57.594Z] [unzip] Entry: server/ (compressed_size=0 bytes, uncompressed_size=0 bytes)
[debug] [2024-07-30T08:45:57.594Z] [unzip] Processing entry: server\
[debug] [2024-07-30T08:45:57.595Z] [unzip] mkdir: C:\Users\Abdulrahman Fathy\.cache\firebase\emulators\ui-v1.13.0\server\
[debug] [2024-07-30T08:45:57.596Z] [unzip] Entry: server/server.mjs.map (compressed_size=294629 bytes, uncompressed_size=1346672 bytes)
[debug] [2024-07-30T08:45:57.596Z] [unzip] Processing entry: server\server.mjs.map
[debug] [2024-07-30T08:45:57.596Z] [unzip] else mkdir: C:\Users\Abdulrahman Fathy\.cache\firebase\emulators\ui-v1.13.0\server
[debug] [2024-07-30T08:45:57.597Z] [unzip] deflating: C:\Users\Abdulrahman Fathy\.cache\firebase\emulators\ui-v1.13.0\server\server.mjs.map
[debug] [2024-07-30T08:45:57.604Z] [unzip] Entry: server/server.mjs (compressed_size=314679 bytes, uncompressed_size=1167517 bytes)
[debug] [2024-07-30T08:45:57.604Z] [unzip] Processing entry: server\server.mjs
[debug] [2024-07-30T08:45:57.604Z] [unzip] else mkdir: C:\Users\Abdulrahman Fathy\.cache\firebase\emulators\ui-v1.13.0\server
[debug] [2024-07-30T08:45:57.605Z] [unzip] deflating: C:\Users\Abdulrahman Fathy\.cache\firebase\emulators\ui-v1.13.0\server\server.mjs
[debug] [2024-07-30T08:45:57.614Z] [unzip] Entry: server/assets/ (compressed_size=0 bytes, uncompressed_size=0 bytes)
[debug] [2024-07-30T08:45:57.614Z] [unzip] Processing entry: server\assets\
[debug] [2024-07-30T08:45:57.614Z] [unzip] mkdir: C:\Users\Abdulrahman Fathy\.cache\firebase\emulators\ui-v1.13.0\server\assets\
[debug] [2024-07-30T08:45:57.615Z] [unzip] Entry: server/assets/multipart-parser-DGCUZdXu.mjs.map (compressed_size=4791 bytes, uncompressed_size=17918 bytes)
[debug] [2024-07-30T08:45:57.615Z] [unzip] Processing entry: server\assets\multipart-parser-DGCUZdXu.mjs.map
[debug] [2024-07-30T08:45:57.615Z] [unzip] else mkdir: C:\Users\Abdulrahman Fathy\.cache\firebase\emulators\ui-v1.13.0\server\assets
[debug] [2024-07-30T08:45:57.616Z] [unzip] deflating: C:\Users\Abdulrahman Fathy\.cache\firebase\emulators\ui-v1.13.0\server\assets\multipart-parser-DGCUZdXu.mjs.map
[debug] [2024-07-30T08:45:57.618Z] [unzip] Entry: server/assets/multipart-parser-DGCUZdXu.mjs (compressed_size=2621 bytes, uncompressed_size=10390 bytes)
[debug] [2024-07-30T08:45:57.618Z] [unzip] Processing entry: server\assets\multipart-parser-DGCUZdXu.mjs
[debug] [2024-07-30T08:45:57.618Z] [unzip] else mkdir: C:\Users\Abdulrahman Fathy\.cache\firebase\emulators\ui-v1.13.0\server\assets
[debug] [2024-07-30T08:45:57.619Z] [unzip] deflating: C:\Users\Abdulrahman Fathy\.cache\firebase\emulators\ui-v1.13.0\server\assets\multipart-parser-DGCUZdXu.mjs
[debug] [2024-07-30T08:45:57.622Z] Ignoring unsupported arg: auto_download {"metadata":{"emulator":{"name":"ui"},"message":"Ignoring unsupported arg: auto_download"}}
[debug] [2024-07-30T08:45:57.622Z] Ignoring unsupported arg: port {"metadata":{"emulator":{"name":"ui"},"message":"Ignoring unsupported arg: port"}}
[debug] [2024-07-30T08:45:57.622Z] Starting Emulator UI with command {"binary":"node","args":["C:\\Users\\Abdulrahman Fathy\\.cache\\firebase\\emulators\\ui-v1.13.0\\server\\server.mjs"],"optionalArgs":[],"joinArgs":false,"shell":false} {"metadata":{"emulator":{"name":"ui"},"message":"Starting Emulator UI with command {\"binary\":\"node\",\"args\":[\"C:\\\\Users\\\\Abdulrahman Fathy\\\\.cache\\\\firebase\\\\emulators\\\\ui-v1.13.0\\\\server\\\\server.mjs\"],\"optionalArgs\":[],\"joinArgs\":false,\"shell\":false}"}}
[info] i  ui: Emulator UI logging to ui-debug.log {"metadata":{"emulator":{"name":"ui"},"message":"Emulator UI logging to \u001b[1mui-debug.log\u001b[22m"}}
[debug] [2024-07-30T08:45:57.831Z] Web / API server started at 127.0.0.1:4000
 {"metadata":{"emulator":{"name":"ui"},"message":"Web / API server started at 127.0.0.1:4000\n"}}
[debug] [2024-07-30T08:45:57.831Z] Web / API server started at ::1:4000
 {"metadata":{"emulator":{"name":"ui"},"message":"Web / API server started at ::1:4000\n"}}
[info] i  functions: Watching "D:\Courses\Prgoramming\React\React 2024\practice\Amazon Clone\amazon_clone\functions" for Cloud Functions... {"metadata":{"emulator":{"name":"functions"},"message":"Watching \"D:\\Courses\\Prgoramming\\React\\React 2024\\practice\\Amazon Clone\\amazon_clone\\functions\" for Cloud Functions..."}}
[debug] [2024-07-30T08:45:57.885Z] Validating nodejs source
[debug] [2024-07-30T08:46:00.214Z] > [functions] package.json contents: {
  "name": "functions",
  "description": "Cloud Functions for Firebase",
  "scripts": {
    "lint": "eslint .",
    "serve": "firebase emulators:start --only functions",
    "shell": "firebase functions:shell",
    "start": "npm run shell",
    "deploy": "firebase deploy --only functions",
    "logs": "firebase functions:log"
  },
  "engines": {
    "node": "18"
  },
  "main": "index.js",
  "dependencies": {
    "cors": "^2.8.5",
    "express": "^4.19.2",
    "firebase-admin": "^12.1.0",
    "firebase-functions": "^5.0.0",
    "stripe": "^16.5.0"
  },
  "devDependencies": {
    "eslint": "^8.15.0",
    "eslint-config-google": "^0.14.0",
    "firebase-functions-test": "^3.1.0"
  },
  "private": true
}
[debug] [2024-07-30T08:46:00.215Z] Building nodejs source
[debug] [2024-07-30T08:46:00.215Z] Failed to find version of module node: reached end of search path D:\Courses\Prgoramming\React\React 2024\practice\Amazon Clone\amazon_clone\functions\node_modules
[warn] !  functions: Your requested "node" version "18" doesn't match your global version "20". Using node@20 from host. 
[debug] [2024-07-30T08:46:00.221Z] Could not find functions.yaml. Must use http discovery
[debug] [2024-07-30T08:46:00.231Z] Found firebase-functions binary at 'D:\Courses\Prgoramming\React\React 2024\practice\Amazon Clone\amazon_clone\functions\node_modules\.bin\firebase-functions'
[info] Serving at port 8866

[debug] [2024-07-30T08:46:01.208Z] Got response from /__/functions.yaml {"endpoints":{"api":{"platform":"gcfv1","availableMemoryMb":null,"timeoutSeconds":null,"minInstances":null,"maxInstances":null,"ingressSettings":null,"serviceAccountEmail":null,"vpc":null,"httpsTrigger":{},"entryPoint":"api"}},"specVersion":"v1alpha1","requiredAPIs":[]}
[info] +  functions: Loaded functions definitions from source: api. {"metadata":{"emulator":{"name":"functions"},"message":"Loaded functions definitions from source: api."}}
[info] +  functions[us-central1-api]: http function initialized (http://127.0.0.1:5001/clone-f5a18/us-central1/api). {"metadata":{"emulator":{"name":"functions"},"message":"\u001b[1mhttp\u001b[22m function initialized (http://127.0.0.1:5001/clone-f5a18/us-central1/api)."}}
[info] 
┌─────────────────────────────────────────────────────────────┐
│ ✔  All emulators ready! It is now safe to connect your app. │
│ i  View Emulator UI at http://127.0.0.1:4000/               │
└─────────────────────────────────────────────────────────────┘

┌───────────┬────────────────┬─────────────────────────────────┐
│ Emulator  │ Host:Port      │ View in Emulator UI             │
├───────────┼────────────────┼─────────────────────────────────┤
│ Functions │ 127.0.0.1:5001 │ http://127.0.0.1:4000/functions │
└───────────┴────────────────┴─────────────────────────────────┘
  Emulator Hub running at 127.0.0.1:4400
  Other reserved ports: 4500

Issues? Report them at https://github.com/firebase/firebase-tools/issues and attach the *-debug.log files.
 
[debug] [2024-07-30T08:47:32.032Z] File D:\Courses\Prgoramming\React\React 2024\practice\Amazon Clone\amazon_clone\functions\index.js changed, reloading triggers {"metadata":{"emulator":{"name":"functions"},"message":"File D:\\Courses\\Prgoramming\\React\\React 2024\\practice\\Amazon Clone\\amazon_clone\\functions\\index.js changed, reloading triggers"}}
[debug] [2024-07-30T08:47:33.036Z] Validating nodejs source
[debug] [2024-07-30T08:47:35.199Z] > [functions] package.json contents: {
  "name": "functions",
  "description": "Cloud Functions for Firebase",
  "scripts": {
    "lint": "eslint .",
    "serve": "firebase emulators:start --only functions",
    "shell": "firebase functions:shell",
    "start": "npm run shell",
    "deploy": "firebase deploy --only functions",
    "logs": "firebase functions:log"
  },
  "engines": {
    "node": "18"
  },
  "main": "index.js",
  "dependencies": {
    "cors": "^2.8.5",
    "express": "^4.19.2",
    "firebase-admin": "^12.1.0",
    "firebase-functions": "^5.0.0",
    "stripe": "^16.5.0"
  },
  "devDependencies": {
    "eslint": "^8.15.0",
    "eslint-config-google": "^0.14.0",
    "firebase-functions-test": "^3.1.0"
  },
  "private": true
}
[debug] [2024-07-30T08:47:35.199Z] Building nodejs source
[debug] [2024-07-30T08:47:35.199Z] Failed to find version of module node: reached end of search path D:\Courses\Prgoramming\React\React 2024\practice\Amazon Clone\amazon_clone\functions\node_modules
[warn] !  functions: Your requested "node" version "18" doesn't match your global version "20". Using node@20 from host. 
[debug] [2024-07-30T08:47:35.201Z] Could not find functions.yaml. Must use http discovery
[debug] [2024-07-30T08:47:35.207Z] Found firebase-functions binary at 'D:\Courses\Prgoramming\React\React 2024\practice\Amazon Clone\amazon_clone\functions\node_modules\.bin\firebase-functions'
[info] Serving at port 8225

[debug] [2024-07-30T08:47:36.252Z] Got response from /__/functions.yaml {"endpoints":{"api":{"platform":"gcfv1","availableMemoryMb":null,"timeoutSeconds":null,"minInstances":null,"maxInstances":null,"ingressSettings":null,"serviceAccountEmail":null,"vpc":null,"httpsTrigger":{},"entryPoint":"api"}},"specVersion":"v1alpha1","requiredAPIs":[]}
[debug] [2024-07-30T08:47:37.792Z] [work-queue] {"queuedWork":["/clone-f5a18/us-central1/api-2024-07-30T08:47:37.792Z"],"queueLength":1,"runningWork":[],"workRunningCount":0}
[debug] [2024-07-30T08:47:37.793Z] [work-queue] {"queuedWork":[],"queueLength":0,"runningWork":["/clone-f5a18/us-central1/api-2024-07-30T08:47:37.792Z"],"workRunningCount":1}
[debug] [2024-07-30T08:47:37.793Z] Accepted request GET /clone-f5a18/us-central1/api --> us-central1-api
[debug] [2024-07-30T08:47:37.799Z] [functions] Runtime ready! Sending request! {"metadata":{"emulator":{"name":"functions"},"message":"[functions] Runtime ready! Sending request!"}}
[debug] [2024-07-30T08:47:37.800Z] [functions] Got req.url=/clone-f5a18/us-central1/api, mapping to path=/ {"metadata":{"emulator":{"name":"functions"},"message":"[functions] Got req.url=/clone-f5a18/us-central1/api, mapping to path=/"}}
[debug] [2024-07-30T08:47:37.836Z] [worker-pool] addWorker(us-central1-api) {"metadata":{"emulator":{"name":"functions"},"message":"[worker-pool] addWorker(us-central1-api)"}}
[debug] [2024-07-30T08:47:37.837Z] [worker-pool] Adding worker with key us-central1-api, total=1 {"metadata":{"emulator":{"name":"functions"},"message":"[worker-pool] Adding worker with key us-central1-api, total=1"}}
[debug] [2024-07-30T08:47:39.921Z] [runtime-status] [13132] Resolved module firebase-admin {"declared":true,"installed":true,"version":"12.3.0","resolution":"D:\\Courses\\Prgoramming\\React\\React 2024\\practice\\Amazon Clone\\amazon_clone\\functions\\node_modules\\firebase-admin\\lib\\index.js"} {"metadata":{"emulator":{"name":"functions"},"function":{"name":"us-central1-api"},"extension":{},"message":"[runtime-status] [13132] Resolved module firebase-admin {\"declared\":true,\"installed\":true,\"version\":\"12.3.0\",\"resolution\":\"D:\\\\Courses\\\\Prgoramming\\\\React\\\\React 2024\\\\practice\\\\Amazon Clone\\\\amazon_clone\\\\functions\\\\node_modules\\\\firebase-admin\\\\lib\\\\index.js\"}"}}
[debug] [2024-07-30T08:47:39.922Z] [runtime-status] [13132] Resolved module firebase-functions {"declared":true,"installed":true,"version":"5.0.1","resolution":"D:\\Courses\\Prgoramming\\React\\React 2024\\practice\\Amazon Clone\\amazon_clone\\functions\\node_modules\\firebase-functions\\lib\\v1\\index.js"} {"metadata":{"emulator":{"name":"functions"},"function":{"name":"us-central1-api"},"extension":{},"message":"[runtime-status] [13132] Resolved module firebase-functions {\"declared\":true,\"installed\":true,\"version\":\"5.0.1\",\"resolution\":\"D:\\\\Courses\\\\Prgoramming\\\\React\\\\React 2024\\\\practice\\\\Amazon Clone\\\\amazon_clone\\\\functions\\\\node_modules\\\\firebase-functions\\\\lib\\\\v1\\\\index.js\"}"}}
[debug] [2024-07-30T08:47:39.923Z] [runtime-status] [13132] Outgoing network have been stubbed. [{"name":"http","status":"mocked"},{"name":"http","status":"mocked"},{"name":"https","status":"mocked"},{"name":"https","status":"mocked"},{"name":"net","status":"mocked"}] {"metadata":{"emulator":{"name":"functions"},"function":{"name":"us-central1-api"},"extension":{},"message":"[runtime-status] [13132] Outgoing network have been stubbed. [{\"name\":\"http\",\"status\":\"mocked\"},{\"name\":\"http\",\"status\":\"mocked\"},{\"name\":\"https\",\"status\":\"mocked\"},{\"name\":\"https\",\"status\":\"mocked\"},{\"name\":\"net\",\"status\":\"mocked\"}]"}}
[debug] [2024-07-30T08:47:39.924Z] [runtime-status] [13132] Resolved module firebase-functions {"declared":true,"installed":true,"version":"5.0.1","resolution":"D:\\Courses\\Prgoramming\\React\\React 2024\\practice\\Amazon Clone\\amazon_clone\\functions\\node_modules\\firebase-functions\\lib\\v1\\index.js"} {"metadata":{"emulator":{"name":"functions"},"function":{"name":"us-central1-api"},"extension":{},"message":"[runtime-status] [13132] Resolved module firebase-functions {\"declared\":true,\"installed\":true,\"version\":\"5.0.1\",\"resolution\":\"D:\\\\Courses\\\\Prgoramming\\\\React\\\\React 2024\\\\practice\\\\Amazon Clone\\\\amazon_clone\\\\functions\\\\node_modules\\\\firebase-functions\\\\lib\\\\v1\\\\index.js\"}"}}
[debug] [2024-07-30T08:47:40.359Z] [runtime-status] [13132] Checked functions.config() {"config":{}} {"metadata":{"emulator":{"name":"functions"},"function":{"name":"us-central1-api"},"extension":{},"message":"[runtime-status] [13132] Checked functions.config() {\"config\":{}}"}}
[debug] [2024-07-30T08:47:40.360Z] [runtime-status] [13132] firebase-functions has been stubbed. {"functionsResolution":{"declared":true,"installed":true,"version":"5.0.1","resolution":"D:\\Courses\\Prgoramming\\React\\React 2024\\practice\\Amazon Clone\\amazon_clone\\functions\\node_modules\\firebase-functions\\lib\\v1\\index.js"}} {"metadata":{"emulator":{"name":"functions"},"function":{"name":"us-central1-api"},"extension":{},"message":"[runtime-status] [13132] firebase-functions has been stubbed. {\"functionsResolution\":{\"declared\":true,\"installed\":true,\"version\":\"5.0.1\",\"resolution\":\"D:\\\\Courses\\\\Prgoramming\\\\React\\\\React 2024\\\\practice\\\\Amazon Clone\\\\amazon_clone\\\\functions\\\\node_modules\\\\firebase-functions\\\\lib\\\\v1\\\\index.js\"}}"}}
[debug] [2024-07-30T08:47:40.360Z] [runtime-status] [13132] Resolved module firebase-functions {"declared":true,"installed":true,"version":"5.0.1","resolution":"D:\\Courses\\Prgoramming\\React\\React 2024\\practice\\Amazon Clone\\amazon_clone\\functions\\node_modules\\firebase-functions\\lib\\v1\\index.js"} {"metadata":{"emulator":{"name":"functions"},"function":{"name":"us-central1-api"},"extension":{},"message":"[runtime-status] [13132] Resolved module firebase-functions {\"declared\":true,\"installed\":true,\"version\":\"5.0.1\",\"resolution\":\"D:\\\\Courses\\\\Prgoramming\\\\React\\\\React 2024\\\\practice\\\\Amazon Clone\\\\amazon_clone\\\\functions\\\\node_modules\\\\firebase-functions\\\\lib\\\\v1\\\\index.js\"}"}}
[debug] [2024-07-30T08:47:40.362Z] [runtime-status] [13132] Resolved module firebase-admin {"declared":true,"installed":true,"version":"12.3.0","resolution":"D:\\Courses\\Prgoramming\\React\\React 2024\\practice\\Amazon Clone\\amazon_clone\\functions\\node_modules\\firebase-admin\\lib\\index.js"} {"metadata":{"emulator":{"name":"functions"},"function":{"name":"us-central1-api"},"extension":{},"message":"[runtime-status] [13132] Resolved module firebase-admin {\"declared\":true,\"installed\":true,\"version\":\"12.3.0\",\"resolution\":\"D:\\\\Courses\\\\Prgoramming\\\\React\\\\React 2024\\\\practice\\\\Amazon Clone\\\\amazon_clone\\\\functions\\\\node_modules\\\\firebase-admin\\\\lib\\\\index.js\"}"}}
[debug] [2024-07-30T08:47:40.365Z] [runtime-status] [13132] Resolved module firebase-functions {"declared":true,"installed":true,"version":"5.0.1","resolution":"D:\\Courses\\Prgoramming\\React\\React 2024\\practice\\Amazon Clone\\amazon_clone\\functions\\node_modules\\firebase-functions\\lib\\v1\\index.js"} {"metadata":{"emulator":{"name":"functions"},"function":{"name":"us-central1-api"},"extension":{},"message":"[runtime-status] [13132] Resolved module firebase-functions {\"declared\":true,\"installed\":true,\"version\":\"5.0.1\",\"resolution\":\"D:\\\\Courses\\\\Prgoramming\\\\React\\\\React 2024\\\\practice\\\\Amazon Clone\\\\amazon_clone\\\\functions\\\\node_modules\\\\firebase-functions\\\\lib\\\\v1\\\\index.js\"}"}}
[debug] [2024-07-30T08:47:40.366Z] [runtime-status] [13132] firebase-admin has been stubbed. {"adminResolution":{"declared":true,"installed":true,"version":"12.3.0","resolution":"D:\\Courses\\Prgoramming\\React\\React 2024\\practice\\Amazon Clone\\amazon_clone\\functions\\node_modules\\firebase-admin\\lib\\index.js"}} {"metadata":{"emulator":{"name":"functions"},"function":{"name":"us-central1-api"},"extension":{},"message":"[runtime-status] [13132] firebase-admin has been stubbed. {\"adminResolution\":{\"declared\":true,\"installed\":true,\"version\":\"12.3.0\",\"resolution\":\"D:\\\\Courses\\\\Prgoramming\\\\React\\\\React 2024\\\\practice\\\\Amazon Clone\\\\amazon_clone\\\\functions\\\\node_modules\\\\firebase-admin\\\\lib\\\\index.js\"}}"}}
[debug] [2024-07-30T08:47:40.681Z] [runtime-status] [13132] Functions runtime initialized. {"cwd":"D:\\Courses\\Prgoramming\\React\\React 2024\\practice\\Amazon Clone\\amazon_clone\\functions","node_version":"20.10.0"} {"metadata":{"emulator":{"name":"functions"},"function":{"name":"us-central1-api"},"extension":{},"message":"[runtime-status] [13132] Functions runtime initialized. {\"cwd\":\"D:\\\\Courses\\\\Prgoramming\\\\React\\\\React 2024\\\\practice\\\\Amazon Clone\\\\amazon_clone\\\\functions\",\"node_version\":\"20.10.0\"}"}}
[debug] [2024-07-30T08:47:40.681Z] [runtime-status] [13132] Listening to port: \\?\pipe\fire_emu_e5755b24fb566e1d {"metadata":{"emulator":{"name":"functions"},"function":{"name":"us-central1-api"},"extension":{},"message":"[runtime-status] [13132] Listening to port: \\\\?\\pipe\\fire_emu_e5755b24fb566e1d"}}
[debug] [2024-07-30T08:47:40.763Z] [worker-us-central1-api-9c152c71-7851-4f30-8dd6-3ff2e330a5ab]: IDLE {"metadata":{"emulator":{"name":"functions"},"function":{"name":"us-central1-api"},"extension":{},"message":"[worker-us-central1-api-9c152c71-7851-4f30-8dd6-3ff2e330a5ab]: IDLE"}}
[debug] [2024-07-30T08:47:40.763Z] [worker-pool] submitRequest(triggerId=us-central1-api) {"metadata":{"emulator":{"name":"functions"},"message":"[worker-pool] submitRequest(triggerId=us-central1-api)"}}
[info] i  functions: Beginning execution of "us-central1-api" {"metadata":{"emulator":{"name":"functions"},"function":{"name":"us-central1-api"},"extension":{},"message":"Beginning execution of \"us-central1-api\""}}
[debug] [2024-07-30T08:47:40.765Z] [worker-us-central1-api-9c152c71-7851-4f30-8dd6-3ff2e330a5ab]: BUSY {"metadata":{"emulator":{"name":"functions"},"function":{"name":"us-central1-api"},"extension":{},"message":"[worker-us-central1-api-9c152c71-7851-4f30-8dd6-3ff2e330a5ab]: BUSY"}}
[debug] [2024-07-30T08:47:40.775Z] Finishing up request with event=pause {"metadata":{"emulator":{"name":"functions"},"function":{"name":"us-central1-api"},"extension":{},"message":"Finishing up request with event=pause"}}
[info] i  functions: Finished "us-central1-api" in 10.6595ms {"metadata":{"emulator":{"name":"functions"},"function":{"name":"us-central1-api"},"extension":{},"message":"Finished \"us-central1-api\" in 10.6595ms"}}
[debug] [2024-07-30T08:47:40.776Z] [worker-us-central1-api-9c152c71-7851-4f30-8dd6-3ff2e330a5ab]: IDLE {"metadata":{"emulator":{"name":"functions"},"function":{"name":"us-central1-api"},"extension":{},"message":"[worker-us-central1-api-9c152c71-7851-4f30-8dd6-3ff2e330a5ab]: IDLE"}}
[debug] [2024-07-30T08:47:40.776Z] Finishing up request with event=finish {"metadata":{"emulator":{"name":"functions"},"function":{"name":"us-central1-api"},"extension":{},"message":"Finishing up request with event=finish"}}
[debug] [2024-07-30T08:47:40.776Z] Finishing up request with event=close {"metadata":{"emulator":{"name":"functions"},"function":{"name":"us-central1-api"},"extension":{},"message":"Finishing up request with event=close"}}
[debug] [2024-07-30T08:47:40.777Z] [work-queue] {"queuedWork":[],"queueLength":0,"runningWork":[],"workRunningCount":0}
[info] +  functions: Loaded functions definitions from source: api. {"metadata":{"emulator":{"name":"functions"},"message":"Loaded functions definitions from source: api."}}
[debug] [2024-07-30T08:47:41.300Z] [worker-pool] Shutting down IDLE worker (us-central1-api) {"metadata":{"emulator":{"name":"functions"},"message":"[worker-pool] Shutting down IDLE worker (us-central1-api)"}}
[debug] [2024-07-30T08:47:41.300Z] [worker-us-central1-api-9c152c71-7851-4f30-8dd6-3ff2e330a5ab]: FINISHING {"metadata":{"emulator":{"name":"functions"},"function":{"name":"us-central1-api"},"extension":{},"message":"[worker-us-central1-api-9c152c71-7851-4f30-8dd6-3ff2e330a5ab]: FINISHING"}}
[debug] [2024-07-30T08:47:41.330Z] [worker-us-central1-api-9c152c71-7851-4f30-8dd6-3ff2e330a5ab]: exited {"metadata":{"emulator":{"name":"functions"},"function":{"name":"us-central1-api"},"extension":{},"message":"[worker-us-central1-api-9c152c71-7851-4f30-8dd6-3ff2e330a5ab]: exited"}}
[debug] [2024-07-30T08:47:41.330Z] [worker-us-central1-api-9c152c71-7851-4f30-8dd6-3ff2e330a5ab]: FINISHED {"metadata":{"emulator":{"name":"functions"},"function":{"name":"us-central1-api"},"extension":{},"message":"[worker-us-central1-api-9c152c71-7851-4f30-8dd6-3ff2e330a5ab]: FINISHED"}}
[debug] [2024-07-30T08:47:41.351Z] Functions emulator received unknown request at path /favicon.ico
[debug] [2024-07-30T09:09:07.010Z] File D:\Courses\Prgoramming\React\React 2024\practice\Amazon Clone\amazon_clone\functions\index.js changed, reloading triggers {"metadata":{"emulator":{"name":"functions"},"message":"File D:\\Courses\\Prgoramming\\React\\React 2024\\practice\\Amazon Clone\\amazon_clone\\functions\\index.js changed, reloading triggers"}}
[debug] [2024-07-30T09:09:08.020Z] Validating nodejs source
[debug] [2024-07-30T09:09:10.817Z] > [functions] package.json contents: {
  "name": "functions",
  "description": "Cloud Functions for Firebase",
  "scripts": {
    "lint": "eslint .",
    "serve": "firebase emulators:start --only functions",
    "shell": "firebase functions:shell",
    "start": "npm run shell",
    "deploy": "firebase deploy --only functions",
    "logs": "firebase functions:log"
  },
  "engines": {
    "node": "18"
  },
  "main": "index.js",
  "dependencies": {
    "cors": "^2.8.5",
    "express": "^4.19.2",
    "firebase-admin": "^12.1.0",
    "firebase-functions": "^5.0.0",
    "stripe": "^16.5.0"
  },
  "devDependencies": {
    "eslint": "^8.15.0",
    "eslint-config-google": "^0.14.0",
    "firebase-functions-test": "^3.1.0"
  },
  "private": true
}
[debug] [2024-07-30T09:09:10.817Z] Building nodejs source
[debug] [2024-07-30T09:09:10.817Z] Failed to find version of module node: reached end of search path D:\Courses\Prgoramming\React\React 2024\practice\Amazon Clone\amazon_clone\functions\node_modules
[warn] !  functions: Your requested "node" version "18" doesn't match your global version "20". Using node@20 from host. 
[debug] [2024-07-30T09:09:10.819Z] Could not find functions.yaml. Must use http discovery
[debug] [2024-07-30T09:09:10.825Z] Found firebase-functions binary at 'D:\Courses\Prgoramming\React\React 2024\practice\Amazon Clone\amazon_clone\functions\node_modules\.bin\firebase-functions'
[info] Serving at port 8963

[debug] [2024-07-30T09:09:11.631Z] Got response from /__/functions.yaml {"endpoints":{"api":{"platform":"gcfv1","availableMemoryMb":null,"timeoutSeconds":null,"minInstances":null,"maxInstances":null,"ingressSettings":null,"serviceAccountEmail":null,"vpc":null,"httpsTrigger":{},"entryPoint":"api"}},"specVersion":"v1alpha1","requiredAPIs":[]}
[info] +  functions: Loaded functions definitions from source: api. {"metadata":{"emulator":{"name":"functions"},"message":"Loaded functions definitions from source: api."}}
